1290766167320|-1||debug||com.p6spy.engine.common.P6SpyOptions reloading properties
1290766167337|-1||info||Using properties file: /Users/hardy/work/hibernate/git/metamodelgen-demo/target/test-classes/spy.properties
1290766167337|-1||info||No value in environment for: getStackTrace, using: false
1290766167337|-1||info||No value in environment for: getAppender, using: com.p6spy.engine.logging.appender.Log4jLogger
1290766167338|-1||info||No value in environment for: getFilter, using: false
1290766167338|-1||info||No value in environment for: getDeregisterDrivers, using: true
1290766167338|-1||info||No value in environment for: getUsePrefix, using: false
1290766167338|-1||info||No value in environment for: getExecutionThreshold, using: 0
1290766167339|-1||info||No value in environment for: getAutoflush, using: true
1290766167339|-1||info||No value in environment for: getExclude, using: 
1290766167339|-1||info||No value in environment for: getExcludecategories, using: info,debug,result
1290766167339|-1||info||No value in environment for: getInclude, using: 
1290766167340|-1||info||No value in environment for: getIncludecategories, using: 
1290766167340|-1||info||No value in environment for: getLogfile, using: spy.log
1290766167340|-1||info||No value in environment for: getRealdriver, using: org.h2.Driver
1290766167340|-1||info||No value in environment for: getRealdriver2, using: 
1290766167341|-1||info||No value in environment for: getRealdriver3, using: 
1290766167342|-1||info||No value in environment for: getAppend, using: true
1290766167342|-1||info||No value in environment for: getSpydriver, using: com.p6spy.engine.spy.P6SpyDriver
1290766167342|-1||info||No value in environment for: getDateformat, using: 
1290766167342|-1||info||No value in environment for: getDateformatter, using: null
1290766167342|-1||info||No value in environment for: getStringmatcher, using: com.p6spy.engine.common.SubstringMatcher
1290766167343|-1||info||No value in environment for: getStringMatcherEngine, using: com.p6spy.engine.common.SubstringMatcher@3175ade6
1290766167343|-1||info||No value in environment for: getStackTraceClass, using: 
1290766167343|-1||info||No value in environment for: getSQLExpression, using: null
1290766167343|-1||info||No value in environment for: getReloadProperties, using: false
1290766167343|-1||info||No value in environment for: getReloadPropertiesInterval, using: 60
1290766167343|-1||info||No value in environment for: getJNDIContextFactory, using: null
1290766167343|-1||info||No value in environment for: getJNDIContextProviderURL, using: null
1290766167343|-1||info||No value in environment for: getJNDIContextCustom, using: null
1290766167343|-1||info||No value in environment for: getRealDataSource, using: null
1290766167343|-1||info||No value in environment for: getRealDataSourceClass, using: null
1290766167344|-1||info||No value in environment for: getRealDataSourceProperties, using: null
